-------------------------------------------------------------------------------
Test set: br.edu.uniritter.gestaoqualidade.ControllerTests
-------------------------------------------------------------------------------
Tests run: 1, Failures: 1, Errors: 0, Skipped: 0, Time elapsed: 0.032 s <<< FAILURE! -- in br.edu.uniritter.gestaoqualidade.ControllerTests
br.edu.uniritter.gestaoqualidade.ControllerTests.testCPFIncomplete -- Time elapsed: 0.022 s <<< FAILURE!
org.opentest4j.AssertionFailedError: Unexpected exception type thrown, expected: <br.edu.uniritter.gestaoqualidade.exceptions.CPFIncompleteException> but was: <java.lang.StringIndexOutOfBoundsException>
	at org.junit.jupiter.api.AssertionFailureBuilder.build(AssertionFailureBuilder.java:151)
	at org.junit.jupiter.api.AssertThrows.assertThrows(AssertThrows.java:67)
	at org.junit.jupiter.api.AssertThrows.assertThrows(AssertThrows.java:35)
	at org.junit.jupiter.api.Assertions.assertThrows(Assertions.java:3128)
	at br.edu.uniritter.gestaoqualidade.ControllerTests.testCPFIncomplete(AppTest.java:30)
	at java.base/java.lang.reflect.Method.invoke(Method.java:568)
	at java.base/java.util.ArrayList.forEach(ArrayList.java:1511)
	at java.base/java.util.ArrayList.forEach(ArrayList.java:1511)
Caused by: java.lang.StringIndexOutOfBoundsException: String index out of range: 11
	at java.base/java.lang.StringLatin1.charAt(StringLatin1.java:48)
	at java.base/java.lang.String.charAt(String.java:1515)
	at br.edu.uniritter.gestaoqualidade.controllers.AppController.checkCPF(AppController.java:11)
	at br.edu.uniritter.gestaoqualidade.ControllerTests.lambda$testCPFIncomplete$0(AppTest.java:31)
	at org.junit.jupiter.api.AssertThrows.assertThrows(AssertThrows.java:53)
	... 6 more

